<?xml version="1.0" encoding="UTF-8"?>
<testng-results ignored="0" total="1" passed="1" failed="0" skipped="0">
  <reporter-output>
  </reporter-output>
  <suite started-at="2019-12-24T16:04:45Z" name="Default suite" finished-at="2019-12-24T16:04:52Z" duration-ms="7279">
    <groups>
      <group name="cucumber">
        <method signature="AbstractTestNGCucumberTests.feature(cucumber.api.testng.CucumberFeatureWrapper)[pri:0, instance:com.testrunner.TestRunner@1b083826]" name="feature" class="cucumber.api.testng.AbstractTestNGCucumberTests"/>
      </group> <!-- cucumber -->
    </groups>
    <test started-at="2019-12-24T16:04:45Z" name="Default test" finished-at="2019-12-24T16:04:52Z" duration-ms="7279">
      <class name="com.testrunner.TestRunner">
        <test-method is-config="true" signature="setUpClass()[pri:0, instance:com.testrunner.TestRunner@1b083826]" started-at="2019-12-24T16:04:45Z" name="setUpClass" finished-at="2019-12-24T16:04:45Z" duration-ms="113" status="PASS">
          <reporter-output>
          </reporter-output>
        </test-method> <!-- setUpClass -->
        <test-method signature="feature(cucumber.api.testng.CucumberFeatureWrapper)[pri:0, instance:com.testrunner.TestRunner@1b083826]" started-at="2019-12-24T16:04:45Z" name="feature" description="Runs Cucumber Feature" data-provider="features" finished-at="2019-12-24T16:04:52Z" duration-ms="7104" status="PASS">
          <params>
            <param index="0">
              <value>
                <![CDATA[Amazon Log in feature Test]]>
              </value>
            </param>
          </params>
          <reporter-output>
          </reporter-output>
        </test-method> <!-- feature -->
        <test-method is-config="true" signature="tearDownClass()[pri:0, instance:com.testrunner.TestRunner@1b083826]" started-at="2019-12-24T16:04:52Z" name="tearDownClass" finished-at="2019-12-24T16:04:52Z" duration-ms="4" status="PASS">
          <reporter-output>
          </reporter-output>
        </test-method> <!-- tearDownClass -->
      </class> <!-- com.testrunner.TestRunner -->
    </test> <!-- Default test -->
  </suite> <!-- Default suite -->
</testng-results>
